Start testing: Dec 15 12:07 EET
----------------------------------------------------------
1/6 Testing: empty simulation
1/6 Test: empty simulation
Command: "/mnt/c/Users/Mina/Desktop/hw2/template/build/test/unit-tests" "empty simulation"
Directory: /mnt/c/Users/Mina/Desktop/hw2/template/build/test
"empty simulation" start time: Dec 15 12:07 EET
Output:
----------------------------------------------------------
Filters: "empty simulation"
Randomness seeded to: 461097471
===============================================================================
All tests passed (1 assertion in 1 test case)

<end of output>
Test time =   0.07 sec
----------------------------------------------------------
Test Passed.
"empty simulation" end time: Dec 15 12:07 EET
"empty simulation" time elapsed: 00:00:00
----------------------------------------------------------

2/6 Testing: no students
2/6 Test: no students
Command: "/mnt/c/Users/Mina/Desktop/hw2/template/build/test/unit-tests" "no students"
Directory: /mnt/c/Users/Mina/Desktop/hw2/template/build/test
"no students" start time: Dec 15 12:07 EET
Output:
----------------------------------------------------------
Filters: "no students"
Randomness seeded to: 4094680132
===============================================================================
All tests passed (1 assertion in 1 test case)

<end of output>
Test time =   0.09 sec
----------------------------------------------------------
Test Passed.
"no students" end time: Dec 15 12:07 EET
"no students" time elapsed: 00:00:00
----------------------------------------------------------

3/6 Testing: no space in bar
3/6 Test: no space in bar
Command: "/mnt/c/Users/Mina/Desktop/hw2/template/build/test/unit-tests" "no space in bar"
Directory: /mnt/c/Users/Mina/Desktop/hw2/template/build/test
"no space in bar" start time: Dec 15 12:07 EET
Output:
----------------------------------------------------------
Filters: "no space in bar"
Randomness seeded to: 8232977
===============================================================================
All tests passed (1 assertion in 1 test case)

<end of output>
Test time =   0.08 sec
----------------------------------------------------------
Test Passed.
"no space in bar" end time: Dec 15 12:07 EET
"no space in bar" time elapsed: 00:00:00
----------------------------------------------------------

4/6 Testing: Simple simulation - one student
4/6 Test: Simple simulation - one student
Command: "/mnt/c/Users/Mina/Desktop/hw2/template/build/test/unit-tests" "Simple simulation - one student"
Directory: /mnt/c/Users/Mina/Desktop/hw2/template/build/test
"Simple simulation - one student" start time: Dec 15 12:07 EET
Output:
----------------------------------------------------------
Filters: "Simple simulation - one student"
Randomness seeded to: 1317177097
===============================================================================
All tests passed (1 assertion in 1 test case)

<end of output>
Test time =   0.09 sec
----------------------------------------------------------
Test Passed.
"Simple simulation - one student" end time: Dec 15 12:07 EET
"Simple simulation - one student" time elapsed: 00:00:00
----------------------------------------------------------

5/6 Testing: Simple simulation - one group
5/6 Test: Simple simulation - one group
Command: "/mnt/c/Users/Mina/Desktop/hw2/template/build/test/unit-tests" "Simple simulation - one group"
Directory: /mnt/c/Users/Mina/Desktop/hw2/template/build/test
"Simple simulation - one group" start time: Dec 15 12:07 EET
Output:
----------------------------------------------------------
Filters: "Simple simulation - one group"
Randomness seeded to: 614541108

~~~~~~~~~~~~~~~~~~~~~~~~~~~~~~~~~~~~~~~~~~~~~~~~~~~~~~~~~~~~~~~~~~~~~~~~~~~~~~~
unit-tests is a Catch2 v3.4.0 host application.
Run with -? for options

-------------------------------------------------------------------------------
Simple simulation - one group
-------------------------------------------------------------------------------
/mnt/c/Users/Mina/Desktop/hw2/template/test/test-simulation.cpp:47
...............................................................................

/mnt/c/Users/Mina/Desktop/hw2/template/test/test-simulation.cpp:61: FAILED:
  REQUIRE( output.str() == expected )
with expansion:
  "0 100 enter
  0 200 enter
  4 200 exit
  "
  ==
  "0 100 enter
  5 100 exit
  5 200 enter
  10 200 exit
  "

===============================================================================
test cases: 1 | 1 failed
assertions: 1 | 1 failed

<end of output>
Test time =   0.09 sec
----------------------------------------------------------
Test Failed.
"Simple simulation - one group" end time: Dec 15 12:07 EET
"Simple simulation - one group" time elapsed: 00:00:00
----------------------------------------------------------

6/6 Testing: More complex simulation
6/6 Test: More complex simulation
Command: "/mnt/c/Users/Mina/Desktop/hw2/template/build/test/unit-tests" "More complex simulation"
Directory: /mnt/c/Users/Mina/Desktop/hw2/template/build/test
"More complex simulation" start time: Dec 15 12:07 EET
Output:
----------------------------------------------------------
Filters: "More complex simulation"
Randomness seeded to: 746157166

~~~~~~~~~~~~~~~~~~~~~~~~~~~~~~~~~~~~~~~~~~~~~~~~~~~~~~~~~~~~~~~~~~~~~~~~~~~~~~~
unit-tests is a Catch2 v3.4.0 host application.
Run with -? for options

-------------------------------------------------------------------------------
More complex simulation
-------------------------------------------------------------------------------
/mnt/c/Users/Mina/Desktop/hw2/template/test/test-simulation.cpp:64
...............................................................................

/mnt/c/Users/Mina/Desktop/hw2/template/test/test-simulation.cpp:64: FAILED:
due to unexpected exception with message:
  std::exception

===============================================================================
test cases: 1 | 1 failed
assertions: 1 | 1 failed

<end of output>
Test time =   0.10 sec
----------------------------------------------------------
Test Failed.
"More complex simulation" end time: Dec 15 12:07 EET
"More complex simulation" time elapsed: 00:00:00
----------------------------------------------------------

End testing: Dec 15 12:07 EET
